<?xml version="1.0" encoding="UTF-8"?>
<testsuite name="D_dayTest" tests="3" skipped="0" failures="1" errors="0" timestamp="2020-06-09T10:40:48" hostname="DESKTOP-02B8RBL" time="9.056">
  <properties/>
  <testcase name="borderDdayTest" classname="D_dayTest" time="2.007">
    <failure message="java.lang.AssertionError" type="java.lang.AssertionError">java.lang.AssertionError
	at org.junit.Assert.fail(Assert.java:86)
	at org.junit.Assert.assertTrue(Assert.java:41)
	at org.junit.Assert.assertTrue(Assert.java:52)
	at D_dayTest.borderDdayTest(D_dayTest.java:61)
	at sun.reflect.NativeMethodAccessorImpl.invoke0(Native Method)
	at sun.reflect.NativeMethodAccessorImpl.invoke(NativeMethodAccessorImpl.java:62)
	at sun.reflect.DelegatingMethodAccessorImpl.invoke(DelegatingMethodAccessorImpl.java:43)
	at java.lang.reflect.Method.invoke(Method.java:498)
	at org.junit.runners.model.FrameworkMethod$1.runReflectiveCall(FrameworkMethod.java:50)
	at org.junit.internal.runners.model.ReflectiveCallable.run(ReflectiveCallable.java:12)
	at org.junit.runners.model.FrameworkMethod.invokeExplosively(FrameworkMethod.java:47)
	at org.junit.internal.runners.statements.InvokeMethod.evaluate(InvokeMethod.java:17)
	at org.junit.runners.ParentRunner.runLeaf(ParentRunner.java:325)
	at org.junit.runners.BlockJUnit4ClassRunner.runChild(BlockJUnit4ClassRunner.java:78)
	at org.junit.runners.BlockJUnit4ClassRunner.runChild(BlockJUnit4ClassRunner.java:57)
	at org.junit.runners.ParentRunner$3.run(ParentRunner.java:290)
	at org.junit.runners.ParentRunner$1.schedule(ParentRunner.java:71)
	at org.junit.runners.ParentRunner.runChildren(ParentRunner.java:288)
	at org.junit.runners.ParentRunner.access$000(ParentRunner.java:58)
	at org.junit.runners.ParentRunner$2.evaluate(ParentRunner.java:268)
	at org.junit.runners.ParentRunner.run(ParentRunner.java:363)
	at org.gradle.api.internal.tasks.testing.junit.JUnitTestClassExecutor.runTestClass(JUnitTestClassExecutor.java:110)
	at org.gradle.api.internal.tasks.testing.junit.JUnitTestClassExecutor.execute(JUnitTestClassExecutor.java:58)
	at org.gradle.api.internal.tasks.testing.junit.JUnitTestClassExecutor.execute(JUnitTestClassExecutor.java:38)
	at org.gradle.api.internal.tasks.testing.junit.AbstractJUnitTestClassProcessor.processTestClass(AbstractJUnitTestClassProcessor.java:62)
	at org.gradle.api.internal.tasks.testing.SuiteTestClassProcessor.processTestClass(SuiteTestClassProcessor.java:51)
	at sun.reflect.NativeMethodAccessorImpl.invoke0(Native Method)
	at sun.reflect.NativeMethodAccessorImpl.invoke(NativeMethodAccessorImpl.java:62)
	at sun.reflect.DelegatingMethodAccessorImpl.invoke(DelegatingMethodAccessorImpl.java:43)
	at java.lang.reflect.Method.invoke(Method.java:498)
	at org.gradle.internal.dispatch.ReflectionDispatch.dispatch(ReflectionDispatch.java:36)
	at org.gradle.internal.dispatch.ReflectionDispatch.dispatch(ReflectionDispatch.java:24)
	at org.gradle.internal.dispatch.ContextClassLoaderDispatch.dispatch(ContextClassLoaderDispatch.java:33)
	at org.gradle.internal.dispatch.ProxyDispatchAdapter$DispatchingInvocationHandler.invoke(ProxyDispatchAdapter.java:94)
	at com.sun.proxy.$Proxy2.processTestClass(Unknown Source)
	at org.gradle.api.internal.tasks.testing.worker.TestWorker.processTestClass(TestWorker.java:118)
	at sun.reflect.NativeMethodAccessorImpl.invoke0(Native Method)
	at sun.reflect.NativeMethodAccessorImpl.invoke(NativeMethodAccessorImpl.java:62)
	at sun.reflect.DelegatingMethodAccessorImpl.invoke(DelegatingMethodAccessorImpl.java:43)
	at java.lang.reflect.Method.invoke(Method.java:498)
	at org.gradle.internal.dispatch.ReflectionDispatch.dispatch(ReflectionDispatch.java:36)
	at org.gradle.internal.dispatch.ReflectionDispatch.dispatch(ReflectionDispatch.java:24)
	at org.gradle.internal.remote.internal.hub.MessageHubBackedObjectConnection$DispatchWrapper.dispatch(MessageHubBackedObjectConnection.java:182)
	at org.gradle.internal.remote.internal.hub.MessageHubBackedObjectConnection$DispatchWrapper.dispatch(MessageHubBackedObjectConnection.java:164)
	at org.gradle.internal.remote.internal.hub.MessageHub$Handler.run(MessageHub.java:412)
	at org.gradle.internal.concurrent.ExecutorPolicy$CatchAndRecordFailures.onExecute(ExecutorPolicy.java:64)
	at org.gradle.internal.concurrent.ManagedExecutorImpl$1.run(ManagedExecutorImpl.java:48)
	at java.util.concurrent.ThreadPoolExecutor.runWorker(ThreadPoolExecutor.java:1149)
	at java.util.concurrent.ThreadPoolExecutor$Worker.run(ThreadPoolExecutor.java:624)
	at org.gradle.internal.concurrent.ThreadFactoryImpl$ManagedThreadRunnable.run(ThreadFactoryImpl.java:56)
	at java.lang.Thread.run(Thread.java:748)
</failure>
  </testcase>
  <testcase name="stopDdayBorderTest" classname="D_dayTest" time="0.004"/>
  <testcase name="setDdayTest" classname="D_dayTest" time="0.0"/>
  <system-out><![CDATA[-1
]]></system-out>
  <system-err><![CDATA[Exception in thread "Image Fetcher 1" java.lang.OutOfMemoryError: Java heap space
	at java.awt.image.DataBufferInt.<init>(DataBufferInt.java:75)
	at sun.awt.image.ImageRepresentation.convertToRGB(ImageRepresentation.java:284)
	at sun.awt.image.ImageRepresentation.setPixels(ImageRepresentation.java:591)
	at java.awt.image.AreaAveragingScaleFilter.accumPixels(AreaAveragingScaleFilter.java:213)
	at java.awt.image.AreaAveragingScaleFilter.setPixels(AreaAveragingScaleFilter.java:278)
	at sun.awt.image.ImageDecoder.setPixels(ImageDecoder.java:138)
	at sun.awt.image.JPEGImageDecoder.sendPixels(JPEGImageDecoder.java:119)
	at sun.awt.image.JPEGImageDecoder.readImage(Native Method)
	at sun.awt.image.JPEGImageDecoder.produceImage(JPEGImageDecoder.java:141)
	at sun.awt.image.InputStreamImageSource.doFetch(InputStreamImageSource.java:269)
	at sun.awt.image.ImageFetcher.fetchloop(ImageFetcher.java:205)
	at sun.awt.image.ImageFetcher.run(ImageFetcher.java:169)
Exception in thread "Image Fetcher 1" java.lang.OutOfMemoryError: GC overhead limit exceeded
	at sun.awt.image.ImageRepresentation.setPixels(ImageRepresentation.java:562)
	at sun.awt.image.ImageDecoder.setPixels(ImageDecoder.java:138)
	at sun.awt.image.PNGImageDecoder.sendPixels(PNGImageDecoder.java:549)
	at sun.awt.image.PNGImageDecoder.produceImage(PNGImageDecoder.java:470)
	at sun.awt.image.InputStreamImageSource.doFetch(InputStreamImageSource.java:269)
	at sun.awt.image.ImageFetcher.fetchloop(ImageFetcher.java:205)
	at sun.awt.image.ImageFetcher.run(ImageFetcher.java:169)
Exception in thread "Image Fetcher 1" java.lang.OutOfMemoryError: GC overhead limit exceeded
Exception in thread "Thread-17" java.lang.OutOfMemoryError: GC overhead limit exceeded
Exception in thread "Image Fetcher 3" java.lang.OutOfMemoryError: GC overhead limit exceeded
Exception in thread "Image Fetcher 2" java.lang.OutOfMemoryError: Java heap space
Exception in thread "Image Fetcher 2" java.lang.OutOfMemoryError: Java heap space
Exception in thread "Image Fetcher 1" java.lang.OutOfMemoryError: Java heap space
Exception in thread "Image Fetcher 2" java.lang.OutOfMemoryError: Java heap space
Exception in thread "Image Fetcher 3" java.lang.OutOfMemoryError: Java heap space
Exception in thread "Image Fetcher 3" java.lang.OutOfMemoryError: Java heap space
Exception in thread "Image Fetcher 1" java.lang.OutOfMemoryError: GC overhead limit exceeded
Exception in thread "Image Fetcher 2" java.lang.OutOfMemoryError: GC overhead limit exceeded
Exception in thread "Image Fetcher 3" java.lang.OutOfMemoryError: GC overhead limit exceeded
Exception in thread "Image Fetcher 0" java.lang.OutOfMemoryError: GC overhead limit exceeded
Exception in thread "Image Fetcher 1" java.lang.OutOfMemoryError: GC overhead limit exceeded
Exception in thread "Image Fetcher 0" java.lang.OutOfMemoryError: GC overhead limit exceeded
]]></system-err>
</testsuite>
