<?xml version="1.0" encoding="UTF-8"?>
<testsuite name="D_dayTest" tests="4" skipped="0" failures="0" errors="0" timestamp="2020-06-09T14:26:37" hostname="DESKTOP-57FJPF0" time="0.006">
  <properties/>
  <testcase name="borderDdayTest" classname="D_dayTest" time="0.002"/>
  <testcase name="stopDdayBorderTest" classname="D_dayTest" time="0.0"/>
  <testcase name="setDdayTest" classname="D_dayTest" time="0.001"/>
  <testcase name="deleteDdayTest" classname="D_dayTest" time="0.001"/>
  <system-out><![CDATA[2020 6 10
2020 6 10
]]></system-out>
  <system-err><![CDATA[]]></system-err>
</testsuite>
