<?xml version="1.0" encoding="UTF-8"?>
<testsuite name="AlarmCustomTest" tests="3" skipped="0" failures="0" errors="0" timestamp="2020-06-09T10:40:28" hostname="DESKTOP-02B8RBL" time="4.157">
  <properties/>
  <testcase name="SetAlarmIntervalTest" classname="AlarmCustomTest" time="0.054"/>
  <testcase name="ControlAlarmListTest" classname="AlarmCustomTest" time="0.006"/>
  <testcase name="SetAlarmVolumeTest" classname="AlarmCustomTest" time="0.0"/>
  <system-out><![CDATA[0
size: 4
1
[I@4966b2c9
2
[I@4966b2c9
3
[I@4966b2c9
3
[I@4966b2c9
2
[I@4966b2c9
1
[I@4966b2c9
0
[I@4966b2c9
0
[I@4966b2c9
3
2
]]></system-out>
  <system-err><![CDATA[]]></system-err>
</testsuite>
