<?xml version="1.0" encoding="UTF-8"?>
<testsuite name="AlarmCustomTest" tests="3" skipped="0" failures="0" errors="0" timestamp="2020-06-13T16:08:14" hostname="DESKTOP-57FJPF0" time="0.012">
  <properties/>
  <testcase name="SetAlarmIntervalTest" classname="AlarmCustomTest" time="0.005"/>
  <testcase name="ControlAlarmListTest" classname="AlarmCustomTest" time="0.001"/>
  <testcase name="SetAlarmVolumeTest" classname="AlarmCustomTest" time="0.001"/>
  <system-out><![CDATA[]]></system-out>
  <system-err><![CDATA[]]></system-err>
</testsuite>
